{
  "0 debug pnpm:scope": {
    "selected": 1
  },
  "1 info pnpm": {
    "err": {
      "name": "Error",
      "message": "not found: io",
      "code": "ENOENT",
      "stack": "Error: not found: io\n    at getNotFoundError (/www/server/nvm/versions/node/v17.6.0/lib/node_modules/pnpm/dist/pnpm.cjs:41575:51)\n    at Function.whichSync [as sync] (/www/server/nvm/versions/node/v17.6.0/lib/node_modules/pnpm/dist/pnpm.cjs:41652:13)\n    at getCommandAbsolutePathSync (/www/server/nvm/versions/node/v17.6.0/lib/node_modules/pnpm/dist/pnpm.cjs:43217:44)\n    at default_1 (/www/server/nvm/versions/node/v17.6.0/lib/node_modules/pnpm/dist/pnpm.cjs:43226:32)\n    at /www/server/nvm/versions/node/v17.6.0/lib/node_modules/pnpm/dist/pnpm.cjs:178151:39"
    }
  },
  "2 error pnpm": {
    "code": "ERR_PNPM_RECURSIVE_EXEC_FIRST_FAIL",
    "prefix": "/datadisk/remoteWorkspace/scaffold",
    "err": {
      "name": "pnpm",
      "message": "not found: io",
      "code": "ERR_PNPM_RECURSIVE_EXEC_FIRST_FAIL",
      "stack": "Error: not found: io\n    at getNotFoundError (/www/server/nvm/versions/node/v17.6.0/lib/node_modules/pnpm/dist/pnpm.cjs:41575:51)\n    at Function.whichSync [as sync] (/www/server/nvm/versions/node/v17.6.0/lib/node_modules/pnpm/dist/pnpm.cjs:41652:13)\n    at getCommandAbsolutePathSync (/www/server/nvm/versions/node/v17.6.0/lib/node_modules/pnpm/dist/pnpm.cjs:43217:44)\n    at default_1 (/www/server/nvm/versions/node/v17.6.0/lib/node_modules/pnpm/dist/pnpm.cjs:43226:32)\n    at /www/server/nvm/versions/node/v17.6.0/lib/node_modules/pnpm/dist/pnpm.cjs:178151:39"
    }
  }
}